<?xml version="1.0" encoding="UTF-8"?>
<testng-results ignored="0" total="1" passed="1" failed="0" skipped="0">
  <reporter-output>
  </reporter-output>
  <suite started-at="2021-10-17T12:49:35 EDT" name="Suite" finished-at="2021-10-17T12:49:46 EDT" duration-ms="11587">
    <groups>
    </groups>
    <test started-at="2021-10-17T12:49:35 EDT" name="Test" finished-at="2021-10-17T12:49:46 EDT" duration-ms="11587">
      <class name="TestCases.TC001_Login">
        <test-method is-config="true" signature="init()[pri:0, instance:TestCases.TC001_Login@1b2abca6]" started-at="2021-10-17T12:49:35 EDT" name="init" finished-at="2021-10-17T12:49:41 EDT" duration-ms="5883" status="PASS">
          <reporter-output>
          </reporter-output>
        </test-method> <!-- init -->
        <test-method signature="login()[pri:0, instance:TestCases.TC001_Login@1b2abca6]" started-at="2021-10-17T12:49:41 EDT" name="login" finished-at="2021-10-17T12:49:46 EDT" duration-ms="4833" status="PASS">
          <reporter-output>
          </reporter-output>
        </test-method> <!-- login -->
        <test-method is-config="true" signature="afterClass()[pri:0, instance:TestCases.TC001_Login@1b2abca6]" started-at="2021-10-17T12:49:46 EDT" name="afterClass" finished-at="2021-10-17T12:49:46 EDT" duration-ms="795" status="PASS">
          <reporter-output>
          </reporter-output>
        </test-method> <!-- afterClass -->
      </class> <!-- TestCases.TC001_Login -->
    </test> <!-- Test -->
  </suite> <!-- Suite -->
</testng-results>
