<?xml version="1.0" encoding="UTF-8"?>
<testng-results ignored="0" total="1" passed="1" failed="0" skipped="0">
  <reporter-output>
  </reporter-output>
  <suite started-at="2021-10-17T09:27:33 EDT" name="Suite" finished-at="2021-10-17T09:27:45 EDT" duration-ms="11965">
    <groups>
    </groups>
    <test started-at="2021-10-17T09:27:33 EDT" name="Test" finished-at="2021-10-17T09:27:45 EDT" duration-ms="11965">
      <class name="TestCases.TC001_Login">
        <test-method is-config="true" signature="init()[pri:0, instance:TestCases.TC001_Login@25641d39]" started-at="2021-10-17T09:27:33 EDT" name="init" finished-at="2021-10-17T09:27:39 EDT" duration-ms="5929" status="PASS">
          <reporter-output>
          </reporter-output>
        </test-method> <!-- init -->
        <test-method signature="login()[pri:0, instance:TestCases.TC001_Login@25641d39]" started-at="2021-10-17T09:27:39 EDT" name="login" finished-at="2021-10-17T09:27:44 EDT" duration-ms="4858" status="PASS">
          <reporter-output>
          </reporter-output>
        </test-method> <!-- login -->
        <test-method is-config="true" signature="afterClass()[pri:0, instance:TestCases.TC001_Login@25641d39]" started-at="2021-10-17T09:27:44 EDT" name="afterClass" finished-at="2021-10-17T09:27:45 EDT" duration-ms="907" status="PASS">
          <reporter-output>
          </reporter-output>
        </test-method> <!-- afterClass -->
      </class> <!-- TestCases.TC001_Login -->
    </test> <!-- Test -->
  </suite> <!-- Suite -->
</testng-results>
